<?xml version="1.0" encoding="UTF-8"?>
<testng-results ignored="0" total="2" passed="2" failed="0" skipped="0">
  <reporter-output>
  </reporter-output>
  <suite started-at="2023-04-07T19:23:10 MDT" name="Default suite" finished-at="2023-04-07T19:23:10 MDT" duration-ms="106">
    <groups>
    </groups>
    <test started-at="2023-04-07T19:23:10 MDT" name="Default test" finished-at="2023-04-07T19:23:10 MDT" duration-ms="106">
      <class name="testNGFW.Demo">
        <test-method signature="test1()[pri:0, instance:testNGFW.Demo@7f010382]" started-at="2023-04-07T19:23:10 MDT" name="test1" finished-at="2023-04-07T19:23:10 MDT" duration-ms="22" status="PASS">
          <reporter-output>
          </reporter-output>
        </test-method> <!-- test1 -->
        <test-method signature="test2()[pri:0, instance:testNGFW.Demo@7f010382]" started-at="2023-04-07T19:23:10 MDT" name="test2" finished-at="2023-04-07T19:23:10 MDT" duration-ms="5" status="PASS">
          <reporter-output>
          </reporter-output>
        </test-method> <!-- test2 -->
      </class> <!-- testNGFW.Demo -->
    </test> <!-- Default test -->
  </suite> <!-- Default suite -->
</testng-results>
